::1 - - [08/Jan/2025:05:23:45 +0000] "POST /api/tenant/create HTTP/1.1" 400 56 "-" "PostmanRuntime/7.43.0"
::1 - - [08/Jan/2025:05:30:51 +0000] "POST /api/tenant/create HTTP/1.1" 400 56 "-" "PostmanRuntime/7.43.0"
::1 - - [08/Jan/2025:05:31:31 +0000] "POST /api/tenant/create HTTP/1.1" 400 56 "-" "PostmanRuntime/7.43.0"
::1 - - [08/Jan/2025:05:33:30 +0000] "POST /api/tenant/create HTTP/1.1" 400 56 "-" "PostmanRuntime/7.43.0"
::1 - - [08/Jan/2025:05:50:31 +0000] "POST /api/tenant/create HTTP/1.1" 500 102 "-" "PostmanRuntime/7.43.0"
::1 - - [08/Jan/2025:05:51:22 +0000] "POST /api/tenant/create HTTP/1.1" 200 78 "-" "PostmanRuntime/7.43.0"
::1 - - [08/Jan/2025:05:59:07 +0000] "POST /api/tenant/create HTTP/1.1" 200 78 "-" "PostmanRuntime/7.43.0"
::1 - - [08/Jan/2025:05:59:50 +0000] "POST /api/tenant/create HTTP/1.1" 500 113 "-" "PostmanRuntime/7.43.0"
::1 - - [08/Jan/2025:06:00:49 +0000] "POST /api/tenant/create HTTP/1.1" 200 469 "-" "PostmanRuntime/7.43.0"
::1 - - [08/Jan/2025:06:28:40 +0000] "POST /api/tenant/create HTTP/1.1" 500 108 "-" "PostmanRuntime/7.43.0"
::1 - - [08/Jan/2025:06:29:42 +0000] "POST /api/tenant/create HTTP/1.1" 500 87 "-" "PostmanRuntime/7.43.0"
::1 - - [08/Jan/2025:06:30:43 +0000] "POST /api/tenant/create HTTP/1.1" 200 66 "-" "PostmanRuntime/7.43.0"
::1 - - [08/Jan/2025:06:31:09 +0000] "POST /api/tenant/create HTTP/1.1" 200 67 "-" "PostmanRuntime/7.43.0"
::1 - - [08/Jan/2025:06:31:13 +0000] "POST /api/tenant/create HTTP/1.1" 200 68 "-" "PostmanRuntime/7.43.0"
::1 - - [08/Jan/2025:06:33:57 +0000] "POST /api/tenant/create HTTP/1.1" 200 75 "-" "PostmanRuntime/7.43.0"
::1 - - [08/Jan/2025:06:42:01 +0000] "GET /api/tenant/ HTTP/1.1" 500 44 "-" "PostmanRuntime/7.43.0"
::1 - - [08/Jan/2025:06:42:35 +0000] "GET /api/tenant/ HTTP/1.1" 500 44 "-" "PostmanRuntime/7.43.0"
::1 - - [08/Jan/2025:06:42:52 +0000] "GET /api/tenant/ HTTP/1.1" 500 44 "-" "PostmanRuntime/7.43.0"
::1 - - [08/Jan/2025:06:43:24 +0000] "GET /api/tenant/ HTTP/1.1" 500 44 "-" "PostmanRuntime/7.43.0"
::1 - - [08/Jan/2025:06:45:03 +0000] "GET /api/tenant/ HTTP/1.1" 200 302 "-" "PostmanRuntime/7.43.0"
::1 - - [08/Jan/2025:06:55:26 +0000] "GET /api/tenant/details/1 HTTP/1.1" 200 300 "-" "PostmanRuntime/7.43.0"
::1 - - [08/Jan/2025:07:01:55 +0000] "POST /api/tenant/create HTTP/1.1" 200 75 "-" "PostmanRuntime/7.43.0"
::1 - - [08/Jan/2025:07:01:58 +0000] "GET /api/tenant/ HTTP/1.1" 200 302 "-" "PostmanRuntime/7.43.0"
::1 - - [08/Jan/2025:07:02:06 +0000] "GET /api/tenant/details/1 HTTP/1.1" 200 300 "-" "PostmanRuntime/7.43.0"
::1 - - [08/Jan/2025:07:39:29 +0000] "POST /api/tenant/update HTTP/1.1" 400 57 "-" "PostmanRuntime/7.43.0"
::1 - - [08/Jan/2025:07:40:55 +0000] "POST /api/tenant/update HTTP/1.1" 200 66 "-" "PostmanRuntime/7.43.0"
::1 - - [08/Jan/2025:07:44:10 +0000] "POST /api/tenant/create HTTP/1.1" 200 75 "-" "PostmanRuntime/7.43.0"
::1 - - [08/Jan/2025:07:44:13 +0000] "GET /api/tenant/ HTTP/1.1" 200 302 "-" "PostmanRuntime/7.43.0"
::1 - - [08/Jan/2025:07:44:17 +0000] "GET /api/tenant/details/1 HTTP/1.1" 200 300 "-" "PostmanRuntime/7.43.0"
::1 - - [08/Jan/2025:07:44:20 +0000] "POST /api/tenant/update HTTP/1.1" 200 66 "-" "PostmanRuntime/7.43.0"
::1 - - [08/Jan/2025:07:48:28 +0000] "GET /api/tenant/ HTTP/1.1" 200 320 "-" "PostmanRuntime/7.43.0"
::1 - - [08/Jan/2025:07:48:32 +0000] "GET /api/tenant/details/1 HTTP/1.1" 200 318 "-" "PostmanRuntime/7.43.0"
::1 - - [08/Jan/2025:12:48:57 +0000] "POST /api/auth/login HTTP/1.1" 500 59 "-" "PostmanRuntime/7.43.0"
::1 - - [08/Jan/2025:12:54:19 +0000] "POST /api/auth/login HTTP/1.1" 200 207 "-" "PostmanRuntime/7.43.0"
::1 - - [09/Jan/2025:04:31:46 +0000] "POST /api/auth/login HTTP/1.1" 200 207 "-" "PostmanRuntime/7.43.0"
::1 - - [09/Jan/2025:04:33:14 +0000] "POST /api/auth/login HTTP/1.1" 500 79 "-" "PostmanRuntime/7.43.0"
::1 - - [09/Jan/2025:04:37:46 +0000] "POST /api/auth/login HTTP/1.1" 200 207 "-" "PostmanRuntime/7.43.0"
::1 - - [09/Jan/2025:04:45:59 +0000] "POST /api/tenant/create HTTP/1.1" 401 72 "-" "PostmanRuntime/7.43.0"
::1 - - [09/Jan/2025:04:47:48 +0000] "POST /api/tenant/create HTTP/1.1" 200 75 "-" "PostmanRuntime/7.43.0"
::1 - - [09/Jan/2025:04:48:02 +0000] "GET /api/tenant/ HTTP/1.1" 200 320 "-" "PostmanRuntime/7.43.0"
::1 - - [09/Jan/2025:04:48:24 +0000] "GET /api/tenant/details/1 HTTP/1.1" 200 318 "-" "PostmanRuntime/7.43.0"
::1 - - [09/Jan/2025:04:48:33 +0000] "POST /api/tenant/update HTTP/1.1" 200 66 "-" "PostmanRuntime/7.43.0"
::1 - - [09/Jan/2025:04:51:55 +0000] "POST /api/tenant/update HTTP/1.1" 200 75 "-" "PostmanRuntime/7.43.0"
::1 - - [09/Jan/2025:05:04:01 +0000] "POST /api/tenant/create HTTP/1.1" 500 117 "-" "PostmanRuntime/7.43.0"
::1 - - [09/Jan/2025:05:05:28 +0000] "POST /api/tenant/create HTTP/1.1" 200 75 "-" "PostmanRuntime/7.43.0"
::1 - - [09/Jan/2025:05:11:25 +0000] "POST /api/auth/login HTTP/1.1" 401 59 "-" "PostmanRuntime/7.43.0"
::1 - - [09/Jan/2025:05:11:35 +0000] "POST /api/auth/login HTTP/1.1" 200 207 "-" "PostmanRuntime/7.43.0"
::1 - - [09/Jan/2025:05:11:54 +0000] "POST /api/tenant/create HTTP/1.1" 200 75 "-" "PostmanRuntime/7.43.0"
::1 - - [09/Jan/2025:05:12:00 +0000] "GET /api/tenant/ HTTP/1.1" 200 320 "-" "PostmanRuntime/7.43.0"
::1 - - [09/Jan/2025:05:12:05 +0000] "GET /api/tenant/details/1 HTTP/1.1" 200 318 "-" "PostmanRuntime/7.43.0"
::1 - - [09/Jan/2025:05:12:16 +0000] "POST /api/tenant/update HTTP/1.1" 200 75 "-" "PostmanRuntime/7.43.0"
::1 - - [09/Jan/2025:05:26:27 +0000] "POST /api/auth/login HTTP/1.1" 404 154 "-" "PostmanRuntime/7.43.0"
::1 - - [09/Jan/2025:05:27:29 +0000] "POST /api/auth/login HTTP/1.1" 404 154 "-" "PostmanRuntime/7.43.0"
::1 - - [09/Jan/2025:05:27:42 +0000] "POST /api/super/auth/login HTTP/1.1" 200 207 "-" "PostmanRuntime/7.43.0"
::1 - - [09/Jan/2025:05:30:01 +0000] "POST /api/super/auth/login HTTP/1.1" 200 207 "-" "PostmanRuntime/7.43.0"
::1 - - [09/Jan/2025:05:30:12 +0000] "POST /api/super/tenant/create HTTP/1.1" 200 75 "-" "PostmanRuntime/7.43.0"
::1 - - [09/Jan/2025:05:30:23 +0000] "GET /api/super/tenant/ HTTP/1.1" 200 320 "-" "PostmanRuntime/7.43.0"
::1 - - [09/Jan/2025:05:30:40 +0000] "GET /api/super/tenant/details/1 HTTP/1.1" 200 318 "-" "PostmanRuntime/7.43.0"
::1 - - [09/Jan/2025:05:30:51 +0000] "POST /api/super/tenant/update HTTP/1.1" 200 75 "-" "PostmanRuntime/7.43.0"
::1 - - [09/Jan/2025:05:45:06 +0000] "POST /api/super/auth/login HTTP/1.1" 400 57 "-" "PostmanRuntime/7.43.0"
::1 - - [09/Jan/2025:06:00:17 +0000] "GET /api/super/tenant/ HTTP/1.1" 200 321 "-" "PostmanRuntime/7.43.0"
::1 - - [09/Jan/2025:06:14:52 +0000] "POST /api/super/auth/login HTTP/1.1" 200 207 "-" "PostmanRuntime/7.43.0"
::1 - - [09/Jan/2025:06:15:03 +0000] "POST /api/super/tenant/create HTTP/1.1" 200 75 "-" "PostmanRuntime/7.43.0"
::1 - - [09/Jan/2025:06:15:56 +0000] "GET /api/super/tenant/ HTTP/1.1" 200 357 "-" "PostmanRuntime/7.43.0"
::1 - - [09/Jan/2025:06:16:07 +0000] "GET /api/super/tenant/details/1 HTTP/1.1" 400 61 "-" "PostmanRuntime/7.43.0"
::1 - - [09/Jan/2025:06:18:05 +0000] "GET /api/super/tenant/details/1 HTTP/1.1" 200 355 "-" "PostmanRuntime/7.43.0"
::1 - - [09/Jan/2025:06:18:18 +0000] "POST /api/super/tenant/update HTTP/1.1" 200 75 "-" "PostmanRuntime/7.43.0"
::1 - - [09/Jan/2025:06:39:18 +0000] "POST /api/super/auth/login HTTP/1.1" 200 207 "-" "PostmanRuntime/7.43.0"
::1 - - [09/Jan/2025:06:39:37 +0000] "POST /api/super/tenant/create HTTP/1.1" 200 75 "-" "PostmanRuntime/7.43.0"
::1 - - [09/Jan/2025:06:39:42 +0000] "GET /api/super/tenant/ HTTP/1.1" 200 357 "-" "PostmanRuntime/7.43.0"
::1 - - [09/Jan/2025:06:39:48 +0000] "GET /api/super/tenant/details/1 HTTP/1.1" 200 355 "-" "PostmanRuntime/7.43.0"
::1 - - [09/Jan/2025:06:39:54 +0000] "POST /api/super/tenant/update HTTP/1.1" 200 75 "-" "PostmanRuntime/7.43.0"
::1 - - [09/Jan/2025:06:53:33 +0000] "POST /api/admin/18pixels-india-pvt-ltd/login HTTP/1.1" 500 116 "-" "PostmanRuntime/7.43.0"
::1 - - [09/Jan/2025:06:54:22 +0000] "POST /api/admin/18pixels-india-pvt-ltd/login HTTP/1.1" 500 88 "-" "PostmanRuntime/7.43.0"
::1 - - [09/Jan/2025:07:00:05 +0000] "POST /api/admin/18pixels-india-pvt-ltd/login HTTP/1.1" 200 218 "-" "PostmanRuntime/7.43.0"
::1 - - [09/Jan/2025:07:01:25 +0000] "POST /api/admin/18pixels-india-pvt-ltd/login HTTP/1.1" 200 246 "-" "PostmanRuntime/7.43.0"
::1 - - [09/Jan/2025:07:47:10 +0000] "POST /api/admin/18pixels-india-pvt-ltd/login HTTP/1.1" 200 246 "-" "PostmanRuntime/7.43.0"
::1 - - [09/Jan/2025:07:51:21 +0000] "POST /api/super/tenant/create HTTP/1.1" 401 53 "-" "PostmanRuntime/7.43.0"
::1 - - [09/Jan/2025:07:51:50 +0000] "POST /api/super/tenant/create HTTP/1.1" 401 53 "-" "PostmanRuntime/7.43.0"
::1 - - [09/Jan/2025:07:52:10 +0000] "POST /api/super/tenant/create HTTP/1.1" 401 53 "-" "PostmanRuntime/7.43.0"
::1 - - [09/Jan/2025:07:52:29 +0000] "POST /api/admin/18pixels-india-pvt-ltd/login HTTP/1.1" 200 246 "-" "PostmanRuntime/7.43.0"
::1 - - [09/Jan/2025:07:52:41 +0000] "POST /api/super/tenant/create HTTP/1.1" 401 53 "-" "PostmanRuntime/7.43.0"
::1 - - [09/Jan/2025:07:54:24 +0000] "POST /api/admin/18pixels-india-pvt-ltd/login HTTP/1.1" 200 246 "-" "PostmanRuntime/7.43.0"
::1 - - [09/Jan/2025:07:56:16 +0000] "POST /api/admin/18pixels-india-pvt-ltd/login HTTP/1.1" 200 246 "-" "PostmanRuntime/7.43.0"
::1 - - [09/Jan/2025:07:57:22 +0000] "POST /api/admin/18pixels-india-pvt-ltd/login HTTP/1.1" 200 246 "-" "PostmanRuntime/7.43.0"
::1 - - [09/Jan/2025:07:57:37 +0000] "POST /api/admin/18pixels-india-pvt-ltd/login HTTP/1.1" 200 246 "-" "PostmanRuntime/7.43.0"
::1 - - [09/Jan/2025:07:59:26 +0000] "POST /api/admin/18pixels-india-pvt-ltd/login HTTP/1.1" 200 246 "-" "PostmanRuntime/7.43.0"
::1 - - [09/Jan/2025:08:00:04 +0000] "POST /api/admin/18pixels-india-pvt-ltd/login HTTP/1.1" 200 246 "-" "PostmanRuntime/7.43.0"
::1 - - [09/Jan/2025:08:43:24 +0000] "POST /api/admin/18pixels-india-pvt-ltd/login HTTP/1.1" 200 246 "-" "PostmanRuntime/7.43.0"
::1 - - [09/Jan/2025:08:43:46 +0000] "POST /api/super/auth/login HTTP/1.1" 500 107 "-" "PostmanRuntime/7.43.0"
::1 - - [09/Jan/2025:08:44:16 +0000] "POST /api/super/auth/login HTTP/1.1" 200 207 "-" "PostmanRuntime/7.43.0"
::1 - - [09/Jan/2025:08:47:43 +0000] "POST /api/super/auth/login HTTP/1.1" 200 207 "-" "PostmanRuntime/7.43.0"
::1 - - [09/Jan/2025:08:47:52 +0000] "POST /api/super/tenant/create HTTP/1.1" 200 68 "-" "PostmanRuntime/7.43.0"
::1 - - [09/Jan/2025:08:48:31 +0000] "POST /api/super/tenant/create HTTP/1.1" 200 68 "-" "PostmanRuntime/7.43.0"
::1 - - [09/Jan/2025:08:49:35 +0000] "POST /api/super/tenant/create HTTP/1.1" 200 68 "-" "PostmanRuntime/7.43.0"
::1 - - [09/Jan/2025:09:40:59 +0000] "POST /api/admin/18pixels-india-pvt-ltd/login HTTP/1.1" 200 246 "-" "PostmanRuntime/7.43.0"
::1 - - [09/Jan/2025:09:46:02 +0000] "POST /api/admin/roles/18pixels-india-pvt-ltd/create HTTP/1.1" 400 61 "-" "PostmanRuntime/7.43.0"
::1 - - [09/Jan/2025:09:46:30 +0000] "POST /api/admin/roles/18pixels-india-pvt-ltd/create HTTP/1.1" 400 61 "-" "PostmanRuntime/7.43.0"
::1 - - [09/Jan/2025:09:50:48 +0000] "POST /api/admin/roles/18pixels-india-pvt-ltd/create HTTP/1.1" 500 116 "-" "PostmanRuntime/7.43.0"
::1 - - [09/Jan/2025:10:00:31 +0000] "POST /api/admin/roles/18pixels-india-pvt-ltd/create HTTP/1.1" 500 116 "-" "PostmanRuntime/7.43.0"
::1 - - [09/Jan/2025:10:01:02 +0000] "POST /api/admin/roles/18pixels-india-pvt-ltd/create HTTP/1.1" 500 93 "-" "PostmanRuntime/7.43.0"
::1 - - [09/Jan/2025:10:01:22 +0000] "POST /api/admin/roles/18pixels-india-pvt-ltd/create HTTP/1.1" 200 64 "-" "PostmanRuntime/7.43.0"
::1 - - [09/Jan/2025:10:02:16 +0000] "POST /api/admin/roles/18pixels-india-pvt-ltd/create HTTP/1.1" 500 116 "-" "PostmanRuntime/7.43.0"
::1 - - [09/Jan/2025:10:02:40 +0000] "POST /api/admin/roles/18pixels-india-pvt-ltd/create HTTP/1.1" 500 116 "-" "PostmanRuntime/7.43.0"
::1 - - [09/Jan/2025:10:02:42 +0000] "POST /api/admin/roles/18pixels-india-pvt-ltd/create HTTP/1.1" 200 64 "-" "PostmanRuntime/7.43.0"
::1 - - [09/Jan/2025:10:04:00 +0000] "POST /api/admin/roles/18pixels-india-pvt-ltd/create HTTP/1.1" 200 64 "-" "PostmanRuntime/7.43.0"
::1 - - [09/Jan/2025:10:10:39 +0000] "POST /api/admin/roles/18pixels-india-pvt-ltd/create HTTP/1.1" 500 116 "-" "PostmanRuntime/7.43.0"
::1 - - [09/Jan/2025:10:12:35 +0000] "POST /api/admin/roles/18pixels-india-pvt-ltd/create HTTP/1.1" 500 116 "-" "PostmanRuntime/7.43.0"
::1 - - [09/Jan/2025:10:13:25 +0000] "POST /api/admin/roles/18pixels-india-pvt-ltd/create HTTP/1.1" 200 64 "-" "PostmanRuntime/7.43.0"
::1 - - [09/Jan/2025:10:18:34 +0000] "GET /api/admin/roles/18pixels-india-pvt-ltd/ HTTP/1.1" 200 49 "-" "PostmanRuntime/7.43.0"
::1 - - [09/Jan/2025:10:20:21 +0000] "GET /api/admin/roles/18pixels-india-pvt-ltd/ HTTP/1.1" 200 49 "-" "PostmanRuntime/7.43.0"
::1 - - [09/Jan/2025:10:20:50 +0000] "POST /api/admin/roles/18pixels-india-pvt-ltd/create HTTP/1.1" 200 64 "-" "PostmanRuntime/7.43.0"
::1 - - [09/Jan/2025:10:21:02 +0000] "POST /api/admin/roles/18pixels-india-pvt-ltd/create HTTP/1.1" 200 64 "-" "PostmanRuntime/7.43.0"
::1 - - [09/Jan/2025:10:21:12 +0000] "GET /api/admin/roles/18pixels-india-pvt-ltd/ HTTP/1.1" 200 169 "-" "PostmanRuntime/7.43.0"
::1 - - [09/Jan/2025:10:24:21 +0000] "GET /api/admin/roles/18pixels-india-pvt-ltd/1 HTTP/1.1" 200 107 "-" "PostmanRuntime/7.43.0"
::1 - - [09/Jan/2025:10:24:29 +0000] "GET /api/admin/roles/18pixels-india-pvt-ltd/2 HTTP/1.1" 200 110 "-" "PostmanRuntime/7.43.0"
::1 - - [09/Jan/2025:10:27:13 +0000] "POST /api/admin/roles/18pixels-india-pvt-ltd/update HTTP/1.1" 404 185 "-" "PostmanRuntime/7.43.0"
::1 - - [09/Jan/2025:10:27:43 +0000] "POST /api/admin/roles/18pixels-india-pvt-ltd/update HTTP/1.1" 200 64 "-" "PostmanRuntime/7.43.0"
::1 - - [09/Jan/2025:11:24:38 +0000] "POST /api/admin/permission/18pixels-india-pvt-ltd/create HTTP/1.1" 404 190 "-" "PostmanRuntime/7.43.0"
::1 - - [09/Jan/2025:11:27:25 +0000] "POST /api/admin/permission/18pixels-india-pvt-ltd/create HTTP/1.1" 400 67 "-" "PostmanRuntime/7.43.0"
::1 - - [09/Jan/2025:11:37:10 +0000] "POST /api/admin/permission/18pixels-india-pvt-ltd/create HTTP/1.1" 400 67 "-" "PostmanRuntime/7.43.0"
::1 - - [09/Jan/2025:11:37:48 +0000] "POST /api/admin/permission/18pixels-india-pvt-ltd/create HTTP/1.1" 500 59 "-" "PostmanRuntime/7.43.0"
::1 - - [09/Jan/2025:11:38:04 +0000] "POST /api/admin/permission/18pixels-india-pvt-ltd/create HTTP/1.1" 500 59 "-" "PostmanRuntime/7.43.0"
::1 - - [09/Jan/2025:11:38:21 +0000] "POST /api/admin/permission/18pixels-india-pvt-ltd/create HTTP/1.1" 500 59 "-" "PostmanRuntime/7.43.0"
::1 - - [09/Jan/2025:11:39:13 +0000] "POST /api/admin/permission/18pixels-india-pvt-ltd/create HTTP/1.1" 200 70 "-" "PostmanRuntime/7.43.0"
::1 - - [09/Jan/2025:11:40:48 +0000] "POST /api/admin/permission/18pixels-india-pvt-ltd/create HTTP/1.1" 200 70 "-" "PostmanRuntime/7.43.0"
::1 - - [09/Jan/2025:11:40:58 +0000] "POST /api/admin/permission/18pixels-india-pvt-ltd/create HTTP/1.1" 200 70 "-" "PostmanRuntime/7.43.0"
::1 - - [09/Jan/2025:11:41:08 +0000] "POST /api/admin/permission/18pixels-india-pvt-ltd/create HTTP/1.1" 200 70 "-" "PostmanRuntime/7.43.0"
::1 - - [09/Jan/2025:11:42:04 +0000] "GET /api/admin/permission/18pixels-india-pvt-ltd HTTP/1.1" 200 422 "-" "PostmanRuntime/7.43.0"
::1 - - [09/Jan/2025:11:45:43 +0000] "POST /api/admin/permission/18pixels-india-pvt-ltd/create HTTP/1.1" 200 70 "-" "PostmanRuntime/7.43.0"
::1 - - [09/Jan/2025:11:45:46 +0000] "GET /api/admin/permission/18pixels-india-pvt-ltd HTTP/1.1" 200 176 "-" "PostmanRuntime/7.43.0"
::1 - - [09/Jan/2025:11:46:40 +0000] "POST /api/admin/permission/18pixels-india-pvt-ltd/create HTTP/1.1" 200 70 "-" "PostmanRuntime/7.43.0"
::1 - - [09/Jan/2025:11:46:43 +0000] "GET /api/admin/permission/18pixels-india-pvt-ltd HTTP/1.1" 200 292 "-" "PostmanRuntime/7.43.0"
::1 - - [09/Jan/2025:11:47:13 +0000] "GET /api/admin/permission/18pixels-india-pvt-ltd HTTP/1.1" 200 55 "-" "PostmanRuntime/7.43.0"
::1 - - [09/Jan/2025:11:47:24 +0000] "POST /api/admin/permission/18pixels-india-pvt-ltd/create HTTP/1.1" 200 70 "-" "PostmanRuntime/7.43.0"
::1 - - [09/Jan/2025:11:47:32 +0000] "POST /api/admin/permission/18pixels-india-pvt-ltd/create HTTP/1.1" 200 70 "-" "PostmanRuntime/7.43.0"
::1 - - [09/Jan/2025:11:47:40 +0000] "POST /api/admin/permission/18pixels-india-pvt-ltd/create HTTP/1.1" 200 70 "-" "PostmanRuntime/7.43.0"
::1 - - [09/Jan/2025:11:47:48 +0000] "POST /api/admin/permission/18pixels-india-pvt-ltd/create HTTP/1.1" 200 70 "-" "PostmanRuntime/7.43.0"
::1 - - [09/Jan/2025:11:47:51 +0000] "GET /api/admin/permission/18pixels-india-pvt-ltd HTTP/1.1" 200 536 "-" "PostmanRuntime/7.43.0"
::1 - - [09/Jan/2025:11:54:47 +0000] "GET /api/admin/permission/18pixels-india-pvt-ltd/2 HTTP/1.1" 200 170 "-" "PostmanRuntime/7.43.0"
::1 - - [09/Jan/2025:12:02:51 +0000] "GET /api/admin/permission/18pixels-india-pvt-ltd/update HTTP/1.1" 500 59 "-" "PostmanRuntime/7.43.0"
::1 - - [09/Jan/2025:12:04:24 +0000] "GET /api/admin/permission/18pixels-india-pvt-ltd/update HTTP/1.1" 500 59 "-" "PostmanRuntime/7.43.0"
::1 - - [09/Jan/2025:12:05:47 +0000] "GET /api/admin/permission/18pixels-india-pvt-ltd/update HTTP/1.1" 500 59 "-" "PostmanRuntime/7.43.0"
::1 - - [09/Jan/2025:12:07:23 +0000] "GET /api/admin/permission/18pixels-india-pvt-ltd/update HTTP/1.1" 500 59 "-" "PostmanRuntime/7.43.0"
::1 - - [09/Jan/2025:12:07:38 +0000] "GET /api/admin/permission/18pixels-india-pvt-ltd/update HTTP/1.1" 500 59 "-" "PostmanRuntime/7.43.0"
::1 - - [09/Jan/2025:12:08:11 +0000] "GET /api/admin/permission/18pixels-india-pvt-ltd/update HTTP/1.1" 500 59 "-" "PostmanRuntime/7.43.0"
::1 - - [09/Jan/2025:12:08:53 +0000] "POST /api/admin/permission/18pixels-india-pvt-ltd/update HTTP/1.1" 200 70 "-" "PostmanRuntime/7.43.0"
::1 - - [09/Jan/2025:12:14:54 +0000] "POST /api/admin/roles/18pixels-india-pvt-ltd/create HTTP/1.1" 401 65 "-" "PostmanRuntime/7.43.0"
::1 - - [09/Jan/2025:12:15:05 +0000] "POST /api/admin/roles/18pixels-india-pvt-ltd/update HTTP/1.1" 500 78 "-" "PostmanRuntime/7.43.0"
::1 - - [09/Jan/2025:12:15:23 +0000] "POST /api/admin/roles/18pixels-india-pvt-ltd/update HTTP/1.1" 200 64 "-" "PostmanRuntime/7.43.0"
::1 - - [09/Jan/2025:12:18:12 +0000] "POST /api/admin/roles/18pixels-india-pvt-ltd/update HTTP/1.1" 200 64 "-" "PostmanRuntime/7.43.0"
::1 - - [09/Jan/2025:12:18:32 +0000] "POST /api/admin/permission/18pixels-india-pvt-ltd/update HTTP/1.1" 500 61 "-" "PostmanRuntime/7.43.0"
::1 - - [09/Jan/2025:12:36:48 +0000] "POST /api/admin/authorization/18pixels-india-pvt-ltd/create HTTP/1.1" 401 72 "-" "PostmanRuntime/7.43.0"
::1 - - [09/Jan/2025:12:36:54 +0000] "POST /api/admin/authorization/18pixels-india-pvt-ltd/create HTTP/1.1" 400 59 "-" "PostmanRuntime/7.43.0"
::1 - - [09/Jan/2025:12:39:22 +0000] "POST /api/admin/authorization/18pixels-india-pvt-ltd/create HTTP/1.1" 500 129 "-" "PostmanRuntime/7.43.0"
::1 - - [09/Jan/2025:12:40:16 +0000] "POST /api/admin/authorization/18pixels-india-pvt-ltd/create HTTP/1.1" 200 80 "-" "PostmanRuntime/7.43.0"
::1 - - [09/Jan/2025:12:41:35 +0000] "GET /api/admin/authorization/18pixels-india-pvt-ltd HTTP/1.1" 500 98 "-" "PostmanRuntime/7.43.0"
::1 - - [09/Jan/2025:12:42:27 +0000] "GET /api/admin/authorization/18pixels-india-pvt-ltd HTTP/1.1" 500 98 "-" "PostmanRuntime/7.43.0"
::1 - - [10/Jan/2025:04:40:47 +0000] "GET /api/admin/authorization/18pixels-india-pvt-ltd HTTP/1.1" 500 98 "-" "PostmanRuntime/7.43.0"
::1 - - [10/Jan/2025:04:41:34 +0000] "GET /api/admin/authorization/18pixels-india-pvt-ltd HTTP/1.1" 500 92 "-" "PostmanRuntime/7.43.0"
::1 - - [10/Jan/2025:04:42:31 +0000] "GET /api/admin/authorization/18pixels-india-pvt-ltd HTTP/1.1" 500 98 "-" "PostmanRuntime/7.43.0"
::1 - - [10/Jan/2025:04:45:55 +0000] "GET /api/admin/authorization/18pixels-india-pvt-ltd HTTP/1.1" 500 98 "-" "PostmanRuntime/7.43.0"
::1 - - [10/Jan/2025:04:46:20 +0000] "GET /api/admin/authorization/18pixels-india-pvt-ltd HTTP/1.1" 500 98 "-" "PostmanRuntime/7.43.0"
::1 - - [10/Jan/2025:04:47:08 +0000] "GET /api/admin/authorization/18pixels-india-pvt-ltd HTTP/1.1" 500 98 "-" "PostmanRuntime/7.43.0"
::1 - - [10/Jan/2025:05:05:08 +0000] "GET /api/admin/authorization/18pixels-india-pvt-ltd HTTP/1.1" 500 98 "-" "PostmanRuntime/7.43.0"
::1 - - [10/Jan/2025:05:06:21 +0000] "GET /api/admin/authorization/18pixels-india-pvt-ltd HTTP/1.1" 500 98 "-" "PostmanRuntime/7.43.0"
::1 - - [10/Jan/2025:05:06:42 +0000] "GET /api/admin/authorization/18pixels-india-pvt-ltd HTTP/1.1" 500 98 "-" "PostmanRuntime/7.43.0"
::1 - - [10/Jan/2025:05:07:51 +0000] "GET /api/admin/authorization/18pixels-india-pvt-ltd HTTP/1.1" 500 98 "-" "PostmanRuntime/7.43.0"
::1 - - [10/Jan/2025:05:08:27 +0000] "GET /api/admin/authorization/18pixels-india-pvt-ltd HTTP/1.1" 500 98 "-" "PostmanRuntime/7.43.0"
::1 - - [10/Jan/2025:05:09:11 +0000] "GET /api/admin/authorization/18pixels-india-pvt-ltd HTTP/1.1" 500 98 "-" "PostmanRuntime/7.43.0"
::1 - - [10/Jan/2025:05:17:07 +0000] "GET /api/admin/authorization/18pixels-india-pvt-ltd HTTP/1.1" 500 98 "-" "PostmanRuntime/7.43.0"
::1 - - [10/Jan/2025:05:21:59 +0000] "GET /api/admin/authorization/18pixels-india-pvt-ltd HTTP/1.1" 500 98 "-" "PostmanRuntime/7.43.0"
::1 - - [10/Jan/2025:05:22:57 +0000] "GET /api/admin/authorization/18pixels-india-pvt-ltd HTTP/1.1" 500 98 "-" "PostmanRuntime/7.43.0"
::1 - - [10/Jan/2025:05:23:31 +0000] "GET /api/admin/authorization/18pixels-india-pvt-ltd HTTP/1.1" 500 98 "-" "PostmanRuntime/7.43.0"
::1 - - [10/Jan/2025:05:24:29 +0000] "GET /api/admin/authorization/18pixels-india-pvt-ltd HTTP/1.1" 500 98 "-" "PostmanRuntime/7.43.0"
::1 - - [10/Jan/2025:05:24:42 +0000] "GET /api/admin/authorization/18pixels-india-pvt-ltd HTTP/1.1" 500 98 "-" "PostmanRuntime/7.43.0"
::1 - - [10/Jan/2025:05:25:43 +0000] "GET /api/admin/authorization/18pixels-india-pvt-ltd HTTP/1.1" 404 53 "-" "PostmanRuntime/7.43.0"
::1 - - [10/Jan/2025:05:25:55 +0000] "GET /api/admin/authorization/18pixels-india-pvt-ltd HTTP/1.1" 500 112 "-" "PostmanRuntime/7.43.0"
::1 - - [10/Jan/2025:05:26:52 +0000] "GET /api/admin/authorization/18pixels-india-pvt-ltd HTTP/1.1" 500 112 "-" "PostmanRuntime/7.43.0"
::1 - - [10/Jan/2025:05:30:24 +0000] "GET /api/admin/authorization/18pixels-india-pvt-ltd HTTP/1.1" 500 98 "-" "PostmanRuntime/7.43.0"
::1 - - [10/Jan/2025:05:31:55 +0000] "GET /api/admin/authorization/18pixels-india-pvt-ltd HTTP/1.1" 500 98 "-" "PostmanRuntime/7.43.0"
::1 - - [10/Jan/2025:05:48:04 +0000] "GET /api/admin/authorization/18pixels-india-pvt-ltd HTTP/1.1" 500 98 "-" "PostmanRuntime/7.43.0"
::1 - - [10/Jan/2025:05:51:23 +0000] "GET /api/admin/authorization/18pixels-india-pvt-ltd HTTP/1.1" 500 98 "-" "PostmanRuntime/7.43.0"
::1 - - [10/Jan/2025:05:55:26 +0000] "GET /api/admin/authorization/18pixels-india-pvt-ltd HTTP/1.1" 500 381 "-" "PostmanRuntime/7.43.0"
::1 - - [10/Jan/2025:05:56:23 +0000] "GET /api/admin/authorization/18pixels-india-pvt-ltd HTTP/1.1" 500 381 "-" "PostmanRuntime/7.43.0"
::1 - - [10/Jan/2025:05:57:04 +0000] "GET /api/admin/authorization/18pixels-india-pvt-ltd HTTP/1.1" 500 381 "-" "PostmanRuntime/7.43.0"
::1 - - [10/Jan/2025:05:57:31 +0000] "GET /api/admin/authorization/18pixels-india-pvt-ltd HTTP/1.1" 500 98 "-" "PostmanRuntime/7.43.0"
::1 - - [10/Jan/2025:06:11:09 +0000] "GET /api/admin/authorization/18pixels-india-pvt-ltd HTTP/1.1" 500 105 "-" "PostmanRuntime/7.43.0"
::1 - - [10/Jan/2025:06:11:35 +0000] "GET /api/admin/authorization/18pixels-india-pvt-ltd HTTP/1.1" 500 98 "-" "PostmanRuntime/7.43.0"
::1 - - [10/Jan/2025:06:17:59 +0000] "GET /api/admin/authorization/18pixels-india-pvt-ltd HTTP/1.1" 500 98 "-" "PostmanRuntime/7.43.0"
::1 - - [10/Jan/2025:06:20:29 +0000] "GET /api/admin/authorization/18pixels-india-pvt-ltd HTTP/1.1" 500 98 "-" "PostmanRuntime/7.43.0"
::1 - - [10/Jan/2025:06:23:19 +0000] "GET /api/admin/authorization/18pixels-india-pvt-ltd HTTP/1.1" 500 98 "-" "PostmanRuntime/7.43.0"
::1 - - [10/Jan/2025:06:23:48 +0000] "GET /api/admin/authorization/18pixels-india-pvt-ltd HTTP/1.1" 500 98 "-" "PostmanRuntime/7.43.0"
::1 - - [10/Jan/2025:06:26:32 +0000] "GET /api/admin/authorization/18pixels-india-pvt-ltd HTTP/1.1" 500 98 "-" "PostmanRuntime/7.43.0"
::1 - - [10/Jan/2025:06:30:51 +0000] "GET /api/admin/authorization/18pixels-india-pvt-ltd HTTP/1.1" 500 98 "-" "PostmanRuntime/7.43.0"
::1 - - [10/Jan/2025:06:32:27 +0000] "GET /api/admin/authorization/18pixels-india-pvt-ltd HTTP/1.1" 500 98 "-" "PostmanRuntime/7.43.0"
::1 - - [10/Jan/2025:06:33:39 +0000] "GET /api/admin/authorization/18pixels-india-pvt-ltd HTTP/1.1" 500 98 "-" "PostmanRuntime/7.43.0"
::1 - - [10/Jan/2025:06:38:40 +0000] "GET /api/admin/authorization/18pixels-india-pvt-ltd HTTP/1.1" 500 98 "-" "PostmanRuntime/7.43.0"
::1 - - [10/Jan/2025:06:43:52 +0000] "GET /api/admin/authorization/18pixels-india-pvt-ltd HTTP/1.1" 500 98 "-" "PostmanRuntime/7.43.0"
::1 - - [10/Jan/2025:06:51:44 +0000] "GET /api/admin/authorization/18pixels-india-pvt-ltd HTTP/1.1" 500 98 "-" "PostmanRuntime/7.43.0"
::1 - - [10/Jan/2025:06:53:51 +0000] "GET /api/admin/authorization/18pixels-india-pvt-ltd HTTP/1.1" 500 98 "-" "PostmanRuntime/7.43.0"
::1 - - [10/Jan/2025:06:55:12 +0000] "GET /api/admin/authorization/18pixels-india-pvt-ltd HTTP/1.1" 500 98 "-" "PostmanRuntime/7.43.0"
::1 - - [10/Jan/2025:07:02:45 +0000] "GET /api/admin/authorization/18pixels-india-pvt-ltd HTTP/1.1" 500 98 "-" "PostmanRuntime/7.43.0"
::1 - - [10/Jan/2025:07:09:01 +0000] "GET /api/admin/authorization/18pixels-india-pvt-ltd HTTP/1.1" 500 98 "-" "PostmanRuntime/7.43.0"
::1 - - [10/Jan/2025:07:10:12 +0000] "GET /api/admin/authorization/18pixels-india-pvt-ltd HTTP/1.1" 500 98 "-" "PostmanRuntime/7.43.0"
::1 - - [10/Jan/2025:07:29:59 +0000] "GET /api/admin/authorization/18pixels-india-pvt-ltd HTTP/1.1" 500 98 "-" "PostmanRuntime/7.43.0"
::1 - - [10/Jan/2025:07:31:56 +0000] "GET /api/admin/authorization/18pixels-india-pvt-ltd HTTP/1.1" 500 98 "-" "PostmanRuntime/7.43.0"
::1 - - [10/Jan/2025:07:32:46 +0000] "GET /api/admin/authorization/18pixels-india-pvt-ltd HTTP/1.1" 500 98 "-" "PostmanRuntime/7.43.0"
::1 - - [10/Jan/2025:07:52:30 +0000] "GET /api/admin/authorization/18pixels-india-pvt-ltd HTTP/1.1" 500 83 "-" "PostmanRuntime/7.43.0"
::1 - - [10/Jan/2025:09:13:48 +0000] "POST /api/super/auth/login HTTP/1.1" 200 207 "-" "PostmanRuntime/7.43.0"
::1 - - [10/Jan/2025:09:14:01 +0000] "POST /api/super/tenant/create HTTP/1.1" 200 75 "-" "PostmanRuntime/7.43.0"
::1 - - [10/Jan/2025:09:14:07 +0000] "GET /api/super/tenant/ HTTP/1.1" 200 342 "-" "PostmanRuntime/7.43.0"
::1 - - [10/Jan/2025:09:14:12 +0000] "GET /api/super/tenant/details/1 HTTP/1.1" 200 340 "-" "PostmanRuntime/7.43.0"
::1 - - [10/Jan/2025:09:14:18 +0000] "POST /api/super/tenant/update HTTP/1.1" 200 75 "-" "PostmanRuntime/7.43.0"
::1 - - [10/Jan/2025:09:15:34 +0000] "POST /api/super/tenant/create HTTP/1.1" 200 67 "-" "PostmanRuntime/7.43.0"
::1 - - [10/Jan/2025:09:16:13 +0000] "POST /api/super/tenant/create HTTP/1.1" 200 75 "-" "PostmanRuntime/7.43.0"
::1 - - [10/Jan/2025:09:18:02 +0000] "POST /api/admin/18pixels-india-pvt-ltd/login HTTP/1.1" 500 115 "-" "PostmanRuntime/7.43.0"
::1 - - [10/Jan/2025:09:19:56 +0000] "POST /api/admin/18pixels-india-pvt/login HTTP/1.1" 401 59 "-" "PostmanRuntime/7.43.0"
::1 - - [10/Jan/2025:09:20:19 +0000] "POST /api/admin/18pixels-india-pvt/login HTTP/1.1" 200 243 "-" "PostmanRuntime/7.43.0"
::1 - - [10/Jan/2025:09:21:21 +0000] "POST /api/admin/roles/18pixels-india-pvt/create HTTP/1.1" 200 64 "-" "PostmanRuntime/7.43.0"
::1 - - [10/Jan/2025:09:22:02 +0000] "GET /api/admin/roles/18pixels-india-pvt/ HTTP/1.1" 200 182 "-" "PostmanRuntime/7.43.0"
::1 - - [10/Jan/2025:09:22:25 +0000] "GET /api/admin/roles/18pixels-india-pvt/1 HTTP/1.1" 200 182 "-" "PostmanRuntime/7.43.0"
::1 - - [10/Jan/2025:09:22:48 +0000] "POST /api/admin/roles/18pixels-india-pvt/update HTTP/1.1" 404 53 "-" "PostmanRuntime/7.43.0"
::1 - - [10/Jan/2025:09:25:06 +0000] "POST /api/admin/permission/18pixels-india-pvt/create HTTP/1.1" 200 70 "-" "PostmanRuntime/7.43.0"
::1 - - [10/Jan/2025:09:25:13 +0000] "POST /api/admin/permission/18pixels-india-pvt/create HTTP/1.1" 200 70 "-" "PostmanRuntime/7.43.0"
::1 - - [10/Jan/2025:09:25:20 +0000] "POST /api/admin/permission/18pixels-india-pvt/create HTTP/1.1" 200 70 "-" "PostmanRuntime/7.43.0"
::1 - - [10/Jan/2025:09:25:30 +0000] "POST /api/admin/permission/18pixels-india-pvt/create HTTP/1.1" 200 70 "-" "PostmanRuntime/7.43.0"
::1 - - [10/Jan/2025:09:25:33 +0000] "GET /api/admin/permission/18pixels-india-pvt HTTP/1.1" 200 536 "-" "PostmanRuntime/7.43.0"
::1 - - [10/Jan/2025:09:25:36 +0000] "GET /api/admin/permission/18pixels-india-pvt/1 HTTP/1.1" 200 176 "-" "PostmanRuntime/7.43.0"
::1 - - [10/Jan/2025:09:25:40 +0000] "POST /api/admin/permission/18pixels-india-pvt/update HTTP/1.1" 200 70 "-" "PostmanRuntime/7.43.0"
::1 - - [10/Jan/2025:09:26:36 +0000] "POST /api/admin/authorization/18pixels-india-pvt/create HTTP/1.1" 200 80 "-" "PostmanRuntime/7.43.0"
::1 - - [10/Jan/2025:09:33:17 +0000] "GET /api/admin/authorization/18pixels-india-pvt HTTP/1.1" 500 98 "-" "PostmanRuntime/7.43.0"
::1 - - [10/Jan/2025:09:35:43 +0000] "GET /api/admin/authorization/18pixels-india-pvt HTTP/1.1" 500 98 "-" "PostmanRuntime/7.43.0"
::1 - - [10/Jan/2025:09:36:22 +0000] "GET /api/admin/authorization/18pixels-india-pvt HTTP/1.1" 500 98 "-" "PostmanRuntime/7.43.0"
::1 - - [10/Jan/2025:09:45:15 +0000] "GET /api/admin/authorization/18pixels-india-pvt HTTP/1.1" 500 98 "-" "PostmanRuntime/7.43.0"
::1 - - [10/Jan/2025:09:49:58 +0000] "GET /api/admin/authorization/18pixels-india-pvt HTTP/1.1" 200 209 "-" "PostmanRuntime/7.43.0"
::1 - - [10/Jan/2025:09:55:04 +0000] "GET /api/admin/authorization/18pixels-india-pvt HTTP/1.1" 200 285 "-" "PostmanRuntime/7.43.0"
::1 - - [10/Jan/2025:10:01:46 +0000] "POST /api/super/auth/login HTTP/1.1" 200 207 "-" "PostmanRuntime/7.43.0"
::1 - - [10/Jan/2025:10:02:00 +0000] "POST /api/super/tenant/create HTTP/1.1" 200 75 "-" "PostmanRuntime/7.43.0"
::1 - - [10/Jan/2025:10:02:08 +0000] "GET /api/super/tenant/ HTTP/1.1" 200 342 "-" "PostmanRuntime/7.43.0"
::1 - - [10/Jan/2025:10:02:14 +0000] "GET /api/super/tenant/details/1 HTTP/1.1" 200 340 "-" "PostmanRuntime/7.43.0"
::1 - - [10/Jan/2025:10:02:20 +0000] "POST /api/super/tenant/update HTTP/1.1" 200 75 "-" "PostmanRuntime/7.43.0"
::1 - - [10/Jan/2025:10:02:35 +0000] "POST /api/admin/18pixels-india-pvt/login HTTP/1.1" 500 114 "-" "PostmanRuntime/7.43.0"
::1 - - [10/Jan/2025:10:03:10 +0000] "POST /api/admin/18pixels-india-pvt/login HTTP/1.1" 500 114 "-" "PostmanRuntime/7.43.0"
::1 - - [10/Jan/2025:10:03:48 +0000] "POST /api/admin/18pixels-india-pvt/login HTTP/1.1" 500 114 "-" "PostmanRuntime/7.43.0"
::1 - - [10/Jan/2025:10:04:27 +0000] "POST /api/admin/18pixels-india-pvt/login HTTP/1.1" 500 114 "-" "PostmanRuntime/7.43.0"
::1 - - [10/Jan/2025:10:09:11 +0000] "POST /api/admin/roles/18pixels-india-pvt/create HTTP/1.1" 200 64 "-" "PostmanRuntime/7.43.0"
::1 - - [10/Jan/2025:10:15:36 +0000] "POST /api/admin/18pixels-india-pvt/login HTTP/1.1" 500 97 "-" "PostmanRuntime/7.43.0"
::1 - - [10/Jan/2025:10:20:29 +0000] "POST /api/admin/18pixels-india-pvt/login HTTP/1.1" 200 243 "-" "PostmanRuntime/7.43.0"
::1 - - [10/Jan/2025:10:23:23 +0000] "POST /api/admin/roles/18pixels-india-pvt/create HTTP/1.1" 200 64 "-" "PostmanRuntime/7.43.0"
::1 - - [10/Jan/2025:10:24:26 +0000] "POST /api/admin/roles/18pixels-india-pvt/create HTTP/1.1" 200 64 "-" "PostmanRuntime/7.43.0"
::1 - - [10/Jan/2025:10:24:45 +0000] "GET /api/admin/roles/18pixels-india-pvt/ HTTP/1.1" 200 307 "-" "PostmanRuntime/7.43.0"
::1 - - [10/Jan/2025:10:25:08 +0000] "GET /api/admin/roles/18pixels-india-pvt/ HTTP/1.1" 200 307 "-" "PostmanRuntime/7.43.0"
::1 - - [10/Jan/2025:10:25:11 +0000] "GET /api/admin/roles/18pixels-india-pvt/1 HTTP/1.1" 200 173 "-" "PostmanRuntime/7.43.0"
::1 - - [10/Jan/2025:10:25:19 +0000] "POST /api/admin/roles/18pixels-india-pvt/update HTTP/1.1" 200 64 "-" "PostmanRuntime/7.43.0"
::1 - - [10/Jan/2025:10:30:52 +0000] "POST /api/admin/permission/18pixels-india-pvt/create HTTP/1.1" 200 70 "-" "PostmanRuntime/7.43.0"
::1 - - [10/Jan/2025:10:31:01 +0000] "POST /api/admin/permission/18pixels-india-pvt/create HTTP/1.1" 200 70 "-" "PostmanRuntime/7.43.0"
::1 - - [10/Jan/2025:10:31:10 +0000] "POST /api/admin/permission/18pixels-india-pvt/create HTTP/1.1" 200 70 "-" "PostmanRuntime/7.43.0"
::1 - - [10/Jan/2025:10:31:22 +0000] "POST /api/admin/permission/18pixels-india-pvt/create HTTP/1.1" 200 70 "-" "PostmanRuntime/7.43.0"
::1 - - [10/Jan/2025:10:32:30 +0000] "GET /api/admin/permission/18pixels-india-pvt HTTP/1.1" 200 536 "-" "PostmanRuntime/7.43.0"
::1 - - [10/Jan/2025:10:32:37 +0000] "GET /api/admin/permission/18pixels-india-pvt/1 HTTP/1.1" 200 176 "-" "PostmanRuntime/7.43.0"
::1 - - [10/Jan/2025:10:32:43 +0000] "POST /api/admin/permission/18pixels-india-pvt/update HTTP/1.1" 200 70 "-" "PostmanRuntime/7.43.0"
::1 - - [10/Jan/2025:10:33:02 +0000] "POST /api/admin/authorization/18pixels-india-pvt/create HTTP/1.1" 500 99 "-" "PostmanRuntime/7.43.0"
::1 - - [10/Jan/2025:10:34:29 +0000] "GET /api/admin/authorization/18pixels-india-pvt HTTP/1.1" 200 183 "-" "PostmanRuntime/7.43.0"
::1 - - [10/Jan/2025:10:38:51 +0000] "GET /api/admin/authorization/18pixels-india-pvt HTTP/1.1" 200 183 "-" "PostmanRuntime/7.43.0"
::1 - - [10/Jan/2025:10:39:09 +0000] "POST /api/admin/authorization/18pixels-india-pvt/create HTTP/1.1" 500 99 "-" "PostmanRuntime/7.43.0"
::1 - - [10/Jan/2025:10:40:44 +0000] "POST /api/admin/authorization/18pixels-india-pvt/create HTTP/1.1" 200 80 "-" "PostmanRuntime/7.43.0"
::1 - - [10/Jan/2025:10:40:50 +0000] "GET /api/admin/authorization/18pixels-india-pvt HTTP/1.1" 200 336 "-" "PostmanRuntime/7.43.0"
::1 - - [10/Jan/2025:10:45:44 +0000] "POST /api/admin/authorization/18pixels-india-pvt/update HTTP/1.1" 200 76 "-" "PostmanRuntime/7.43.0"
::1 - - [10/Jan/2025:10:45:58 +0000] "GET /api/admin/authorization/18pixels-india-pvt HTTP/1.1" 200 388 "-" "PostmanRuntime/7.43.0"
::1 - - [10/Jan/2025:10:46:42 +0000] "POST /api/admin/authorization/18pixels-india-pvt/create HTTP/1.1" 200 80 "-" "PostmanRuntime/7.43.0"
::1 - - [10/Jan/2025:10:46:51 +0000] "GET /api/admin/authorization/18pixels-india-pvt HTTP/1.1" 200 541 "-" "PostmanRuntime/7.43.0"
::1 - - [10/Jan/2025:10:56:51 +0000] "POST /api/admin/authorization/18pixels-india-pvt/create HTTP/1.1" 500 77 "-" "PostmanRuntime/7.43.0"
::1 - - [10/Jan/2025:10:57:02 +0000] "GET /api/admin/authorization/18pixels-india-pvt HTTP/1.1" 200 1162 "-" "PostmanRuntime/7.43.0"
::1 - - [10/Jan/2025:10:57:47 +0000] "GET /api/admin/authorization/18pixels-india-pvt HTTP/1.1" 200 847 "-" "PostmanRuntime/7.43.0"
::1 - - [10/Jan/2025:10:58:16 +0000] "POST /api/admin/authorization/18pixels-india-pvt/create HTTP/1.1" 500 77 "-" "PostmanRuntime/7.43.0"
::1 - - [10/Jan/2025:11:04:10 +0000] "POST /api/admin/authorization/18pixels-india-pvt/create HTTP/1.1" 200 80 "-" "PostmanRuntime/7.43.0"
::1 - - [10/Jan/2025:11:08:43 +0000] "POST /api/admin/authorization/18pixels-india-pvt/create HTTP/1.1" 200 80 "-" "PostmanRuntime/7.43.0"
::1 - - [10/Jan/2025:11:12:31 +0000] "POST /api/admin/authorization/18pixels-india-pvt/create HTTP/1.1" 404 66 "-" "PostmanRuntime/7.43.0"
::1 - - [10/Jan/2025:11:12:53 +0000] "POST /api/admin/authorization/18pixels-india-pvt/create HTTP/1.1" 404 73 "-" "PostmanRuntime/7.43.0"
::1 - - [11/Jan/2025:09:34:06 +0000] "GET /api/super/tenant/details/1 HTTP/1.1" 200 345 "-" "PostmanRuntime/7.43.0"
::1 - - [11/Jan/2025:09:37:53 +0000] "GET / HTTP/1.1" 200 2674 "-" "Mozilla/5.0 (Windows NT 10.0; Win64; x64) AppleWebKit/537.36 (KHTML, like Gecko) Chrome/131.0.0.0 Safari/537.36"
::1 - - [11/Jan/2025:09:37:53 +0000] "GET /favicon.ico HTTP/1.1" 404 150 "-" "Mozilla/5.0 (Windows NT 10.0; Win64; x64) AppleWebKit/537.36 (KHTML, like Gecko) Chrome/131.0.0.0 Safari/537.36"
::1 - - [11/Jan/2025:10:02:46 +0000] "POST /api/admin/18pixels-india-pvt/roles/create HTTP/1.1" 200 64 "-" "PostmanRuntime/7.43.0"
::1 - - [11/Jan/2025:10:03:01 +0000] "GET /api/admin/18pixels-india-pvt/roles HTTP/1.1" 200 441 "-" "PostmanRuntime/7.43.0"
::1 - - [11/Jan/2025:10:03:49 +0000] "GET /api/admin/18pixels-india-pvt/roles/1 HTTP/1.1" 200 173 "-" "PostmanRuntime/7.43.0"
::1 - - [11/Jan/2025:10:04:05 +0000] "POST /api/admin/18pixels-india-pvt/roles/update HTTP/1.1" 200 64 "-" "PostmanRuntime/7.43.0"
::1 - - [11/Jan/2025:10:06:57 +0000] "POST /api/admin/18pixels-india-pvt/permission/create HTTP/1.1" 200 70 "-" "PostmanRuntime/7.43.0"
::1 - - [11/Jan/2025:10:07:17 +0000] "GET /api/admin/18pixels-india-pvt/permission HTTP/1.1" 200 658 "-" "PostmanRuntime/7.43.0"
::1 - - [11/Jan/2025:10:07:34 +0000] "GET /api/admin/18pixels-india-pvt/permission/1 HTTP/1.1" 200 176 "-" "PostmanRuntime/7.43.0"
::1 - - [11/Jan/2025:10:08:01 +0000] "POST /api/admin/18pixels-india-pvt/permission/update HTTP/1.1" 200 70 "-" "PostmanRuntime/7.43.0"
::1 - - [11/Jan/2025:10:08:27 +0000] "GET /api/admin/18pixels-india-pvt/permission/delete/5 HTTP/1.1" 500 1106 "-" "PostmanRuntime/7.43.0"
::1 - - [11/Jan/2025:10:09:11 +0000] "GET /api/admin/18pixels-india-pvt/permission/delete/5 HTTP/1.1" 200 64 "-" "PostmanRuntime/7.43.0"
::1 - - [11/Jan/2025:10:11:02 +0000] "POST /api/admin/18pixels-india-pvt/authorization/create HTTP/1.1" 404 73 "-" "PostmanRuntime/7.43.0"
::1 - - [11/Jan/2025:10:13:36 +0000] "POST /api/admin/18pixels-india-pvt/authorization/create HTTP/1.1" 404 73 "-" "PostmanRuntime/7.43.0"
::1 - - [11/Jan/2025:10:15:38 +0000] "GET /api/admin/18pixels-india-pvt/authorization HTTP/1.1" 200 596 "-" "PostmanRuntime/7.43.0"
::1 - - [11/Jan/2025:10:15:47 +0000] "POST /api/admin/18pixels-india-pvt/authorization/update HTTP/1.1" 200 76 "-" "PostmanRuntime/7.43.0"
::1 - - [11/Jan/2025:10:20:03 +0000] "POST /api/admin/18pixels-india-pvt/permission/create HTTP/1.1" 200 70 "-" "PostmanRuntime/7.43.0"
::1 - - [11/Jan/2025:10:20:05 +0000] "POST /api/admin/18pixels-india-pvt/permission/create HTTP/1.1" 200 70 "-" "PostmanRuntime/7.43.0"
::1 - - [11/Jan/2025:10:20:07 +0000] "POST /api/admin/18pixels-india-pvt/permission/create HTTP/1.1" 200 70 "-" "PostmanRuntime/7.43.0"
::1 - - [11/Jan/2025:10:23:59 +0000] "POST /api/admin/18pixels-india-pvt/permission/create HTTP/1.1" 401 71 "-" "PostmanRuntime/7.43.0"
::1 - - [13/Jan/2025:05:29:52 +0000] "GET /api/admin/18pixels-india-pvt/roles HTTP/1.1" 200 441 "-" "PostmanRuntime/7.43.0"
::1 - - [13/Jan/2025:05:32:37 +0000] "GET /api/admin/18pixels-india-pvt/roles HTTP/1.1" 200 441 "-" "PostmanRuntime/7.43.0"
::1 - - [13/Jan/2025:06:53:23 +0000] "POST /api/admin/18pixels-india-pvt/department/create HTTP/1.1" 400 67 "-" "PostmanRuntime/7.43.0"
::1 - - [13/Jan/2025:06:53:44 +0000] "POST /api/admin/18pixels-india-pvt/department/create HTTP/1.1" 500 113 "-" "PostmanRuntime/7.43.0"
::1 - - [13/Jan/2025:06:54:58 +0000] "POST /api/admin/18pixels-india-pvt/department/create HTTP/1.1" 500 113 "-" "PostmanRuntime/7.43.0"
::1 - - [13/Jan/2025:06:56:33 +0000] "POST /api/admin/18pixels-india-pvt/department/create HTTP/1.1" 500 118 "-" "PostmanRuntime/7.43.0"
::1 - - [13/Jan/2025:07:00:09 +0000] "POST /api/admin/18pixels-india-pvt/department/create HTTP/1.1" 200 70 "-" "PostmanRuntime/7.43.0"
::1 - - [13/Jan/2025:07:00:57 +0000] "POST /api/admin/18pixels-india-pvt/department/create HTTP/1.1" 200 70 "-" "PostmanRuntime/7.43.0"
::1 - - [13/Jan/2025:07:01:35 +0000] "GET /api/admin/18pixels-india-pvt/department HTTP/1.1" 200 224 "-" "PostmanRuntime/7.43.0"
::1 - - [13/Jan/2025:07:05:23 +0000] "GET /api/admin/18pixels-india-pvt/department/update HTTP/1.1" 500 59 "-" "PostmanRuntime/7.43.0"
::1 - - [13/Jan/2025:07:05:59 +0000] "GET /api/admin/18pixels-india-pvt/department/update HTTP/1.1" 500 59 "-" "PostmanRuntime/7.43.0"
::1 - - [13/Jan/2025:10:13:48 +0000] "GET /api/admin/18pixels-india-pvt/department/update HTTP/1.1" 500 59 "-" "PostmanRuntime/7.43.0"
::1 - - [13/Jan/2025:10:14:45 +0000] "GET /api/admin/18pixels-india-pvt/department/update HTTP/1.1" 500 59 "-" "PostmanRuntime/7.43.0"
::1 - - [13/Jan/2025:10:14:58 +0000] "GET /api/admin/18pixels-india-pvt/department/update HTTP/1.1" 500 59 "-" "PostmanRuntime/7.43.0"
::1 - - [13/Jan/2025:10:15:19 +0000] "POST /api/admin/18pixels-india-pvt/department/update HTTP/1.1" 200 70 "-" "PostmanRuntime/7.43.0"
::1 - - [13/Jan/2025:10:21:06 +0000] "GET /api/admin/18pixels-india-pvt/department/delete/2 HTTP/1.1" 200 70 "-" "PostmanRuntime/7.43.0"
::1 - - [13/Jan/2025:10:21:11 +0000] "GET /api/admin/18pixels-india-pvt/department HTTP/1.1" 200 136 "-" "PostmanRuntime/7.43.0"
