[2025-01-08 11:20:31] ERROR: Log error appConfig.database.prefix is not a function
[2025-01-08 11:29:50] ERROR: Log error notNull Violation: Tenant.database_name cannot be null
[2025-01-08 11:58:40] ERROR: Log error notNull Violation: Tenant.password cannot be null
[2025-01-08 11:59:42] ERROR: Log error tenant.map is not a function
[2025-01-08 12:12:01] ERROR: Resource is not a constructor
[2025-01-08 12:12:35] ERROR: Resource is not a constructor
[2025-01-08 12:12:52] ERROR: Resource is not a function
[2025-01-08 12:13:24] ERROR: helpers is not defined
[2025-01-08 18:18:57] ERROR: Log error SuperAdmin.findOne is not a function
[2025-01-09 10:03:14] ERROR: Log error jwttt is not defined
[2025-01-09 10:34:01] ERROR: Log error Table 'tenant_18pixels_india_pvt_ltd.admins' doesn't exist
[2025-01-09 12:23:33] ERROR: Log error WHERE parameter "email" has invalid "undefined" value
[2025-01-09 12:24:22] ERROR: Log error data and hash must be strings
[2025-01-09 13:21:21] ERROR: Log error Cannot set headers after they are sent to the client
[2025-01-09 14:13:46] ERROR: Log error Missing where attribute in the options parameter
[2025-01-09 15:20:48] ERROR: Log error Table 'tenant_18pixels_india_pvt_ltd.roles' doesn't exist
[2025-01-09 15:30:31] ERROR: Log error Table 'tenant_18pixels_india_pvt_ltd.roles' doesn't exist
[2025-01-09 15:31:02] ERROR: Log error name.tolowerCase is not a function
[2025-01-09 15:32:16] ERROR: Log error Table 'tenant_18pixels_india_pvt_ltd.roles' doesn't exist
[2025-01-09 15:32:40] ERROR: Log error Table 'tenant_18pixels_india_pvt_ltd.roles' doesn't exist
[2025-01-09 15:40:39] ERROR: Log error Table 'tenant_18pixels_india_pvt_ltd.roles' doesn't exist
[2025-01-09 15:42:35] ERROR: Log error Table 'tenant_18pixels_india_pvt_ltd.roles' doesn't exist
[2025-01-09 17:07:48] ERROR: Log error Cannot access 'name' before initialization
[2025-01-09 17:08:04] ERROR: Log error Cannot access 'name' before initialization
[2025-01-09 17:08:21] ERROR: Log error notNull Violation: Permission.description cannot be null
[2025-01-09 17:32:51] ERROR: Log error Cannot read properties of null (reading 'id')
[2025-01-09 17:34:24] ERROR: Log error Cannot read properties of null (reading 'id')
[2025-01-09 17:35:47] ERROR: Log error Cannot read properties of null (reading 'id')
[2025-01-09 17:37:23] ERROR: Log error Cannot read properties of null (reading 'id')
[2025-01-09 17:37:38] ERROR: Log error Cannot read properties of null (reading 'id')
[2025-01-09 17:38:11] ERROR: Log error Cannot read properties of null (reading 'id')
[2025-01-09 17:45:05] ERROR: Log error Op is not defined
[2025-01-09 17:48:32] ERROR: Log error Op is not defined
[2025-01-09 18:09:22] ERROR: Log error Table 'tenant_18pixels_india_pvt_ltd.role_permissions' doesn't exist
[2025-01-09 18:11:35] ERROR: Log error Permission is not associated to Role!
[2025-01-09 18:12:27] ERROR: Log error Permission is not associated to Role!
[2025-01-10 10:10:47] ERROR: Log error Permission is not associated to Role!
[2025-01-10 10:11:34] ERROR: Log error Role is not associated to Role!
[2025-01-10 10:12:31] ERROR: Log error Permission is not associated to Role!
[2025-01-10 10:15:55] ERROR: Log error Permission is not associated to Role!
[2025-01-10 10:16:20] ERROR: Log error Permission is not associated to Role!
[2025-01-10 10:17:08] ERROR: Log error Permission is not associated to Role!
[2025-01-10 10:35:08] ERROR: Log error Permission is not associated to Role!
[2025-01-10 10:36:21] ERROR: Log error Permission is not associated to Role!
[2025-01-10 10:36:42] ERROR: Log error Permission is not associated to Role!
[2025-01-10 10:37:51] ERROR: Log error Permission is not associated to Role!
[2025-01-10 10:38:27] ERROR: Log error Permission is not associated to Role!
[2025-01-10 10:39:11] ERROR: Log error Permission is not associated to Role!
[2025-01-10 10:47:07] ERROR: Log error Permission is not associated to Role!
[2025-01-10 10:51:59] ERROR: Log error Permission is not associated to Role!
[2025-01-10 10:52:57] ERROR: Log error Permission is not associated to Role!
[2025-01-10 10:53:31] ERROR: Log error Permission is not associated to Role!
[2025-01-10 10:54:29] ERROR: Log error Permission is not associated to Role!
[2025-01-10 10:54:42] ERROR: Log error Permission is not associated to Role!
[2025-01-10 10:55:55] ERROR: Log error Cannot read properties of undefined (reading 'map')
[2025-01-10 10:56:52] ERROR: Log error Cannot read properties of undefined (reading 'map')
[2025-01-10 11:00:24] ERROR: Log error Permission is not associated to Role!
[2025-01-10 11:01:55] ERROR: Log error Permission is not associated to Role!
[2025-01-10 11:18:04] ERROR: Log error Permission is not associated to Role!
[2025-01-10 11:21:23] ERROR: Log error Permission is not associated to Role!
[2025-01-10 11:25:26] ERROR: Log error Cannot find module '../models/role'
Require stack:
- D:\NodeJs\HRMS\app\controllers\admin\authorization\authorizationController.js
- D:\NodeJs\HRMS\routes\admin.js
- D:\NodeJs\HRMS\routes\api.js
- D:\NodeJs\HRMS\routes\route.js
- D:\NodeJs\HRMS\config\server.js
- D:\NodeJs\HRMS\index.js
[2025-01-10 11:26:23] ERROR: Log error Cannot find module '../models/role'
Require stack:
- D:\NodeJs\HRMS\app\controllers\admin\authorization\authorizationController.js
- D:\NodeJs\HRMS\routes\admin.js
- D:\NodeJs\HRMS\routes\api.js
- D:\NodeJs\HRMS\routes\route.js
- D:\NodeJs\HRMS\config\server.js
- D:\NodeJs\HRMS\index.js
[2025-01-10 11:27:04] ERROR: Log error Cannot find module '../models/Role'
Require stack:
- D:\NodeJs\HRMS\app\controllers\admin\authorization\authorizationController.js
- D:\NodeJs\HRMS\routes\admin.js
- D:\NodeJs\HRMS\routes\api.js
- D:\NodeJs\HRMS\routes\route.js
- D:\NodeJs\HRMS\config\server.js
- D:\NodeJs\HRMS\index.js
[2025-01-10 11:27:31] ERROR: Log error Permission is not associated to Role!
[2025-01-10 11:41:09] ERROR: Log error include.model.getTableName is not a function
[2025-01-10 11:41:35] ERROR: Log error Permission is not associated to Role!
[2025-01-10 11:47:59] ERROR: Log error Permission is not associated to Role!
[2025-01-10 11:50:29] ERROR: Log error Permission is not associated to Role!
[2025-01-10 11:53:19] ERROR: Log error Permission is not associated to Role!
[2025-01-10 11:53:48] ERROR: Log error Permission is not associated to Role!
[2025-01-10 11:56:32] ERROR: Log error Permission is not associated to Role!
[2025-01-10 12:00:51] ERROR: Log error Permission is not associated to Role!
[2025-01-10 12:02:27] ERROR: Log error Permission is not associated to Role!
[2025-01-10 12:03:39] ERROR: Log error Permission is not associated to Role!
[2025-01-10 12:08:40] ERROR: Log error Permission is not associated to Role!
[2025-01-10 12:13:52] ERROR: Log error Permission is not associated to Role!
[2025-01-10 12:21:44] ERROR: Log error Permission is not associated to Role!
[2025-01-10 12:23:51] ERROR: Log error Permission is not associated to Role!
[2025-01-10 12:25:12] ERROR: Log error Permission is not associated to Role!
[2025-01-10 12:32:45] ERROR: Log error Permission is not associated to Role!
[2025-01-10 12:39:01] ERROR: Log error Permission is not associated to Role!
[2025-01-10 12:40:12] ERROR: Log error Permission is not associated to Role!
[2025-01-10 12:59:59] ERROR: Log error Permission is not associated to Role!
[2025-01-10 13:01:56] ERROR: Log error Permission is not associated to Role!
[2025-01-10 13:02:46] ERROR: Log error Permission is not associated to Role!
[2025-01-10 13:22:30] ERROR: Log error role_id is not defined
[2025-01-10 14:48:02] ERROR: Log error Cannot read properties of null (reading 'database_name')
[2025-01-10 15:03:16] ERROR: Log error Permission is not associated to Role!
[2025-01-10 15:05:43] ERROR: Log error Permission is not associated to Role!
[2025-01-10 15:06:22] ERROR: Log error Permission is not associated to Role!
[2025-01-10 15:15:15] ERROR: Log error Permission is not associated to Role!
[2025-01-10 15:32:35] ERROR: Log error Cannot read properties of undefined (reading 'findOne')
[2025-01-10 15:33:10] ERROR: Log error Cannot read properties of undefined (reading 'findOne')
[2025-01-10 15:33:48] ERROR: Log error Cannot read properties of undefined (reading 'findOne')
[2025-01-10 15:34:27] ERROR: Log error Cannot read properties of undefined (reading 'findOne')
[2025-01-10 15:45:36] ERROR: Log error sequelizeMain.define is not a function
[2025-01-10 16:03:02] ERROR: Log error sequelizeMain.define is not a function
[2025-01-10 16:09:09] ERROR: Log error sequelizeMain.define is not a function
[2025-01-10 16:26:51] ERROR: Log error Validation error
[2025-01-10 16:28:16] ERROR: Log error Validation error
[2025-01-13 12:23:44] ERROR: Log error notNull Violation: Department.unique_id cannot be null
[2025-01-13 12:24:58] ERROR: Log error notNull Violation: Department.unique_id cannot be null
[2025-01-13 12:26:33] ERROR: Log error string violation: unique_id cannot be an array or an object
[2025-01-13 12:35:23] ERROR: Log error Cannot read properties of null (reading 'id')
[2025-01-13 12:35:59] ERROR: Log error Cannot read properties of null (reading 'id')
[2025-01-13 15:43:48] ERROR: Log error Cannot read properties of null (reading 'id')
[2025-01-13 15:44:45] ERROR: Log error Cannot read properties of null (reading 'id')
[2025-01-13 15:44:58] ERROR: Log error Cannot read properties of null (reading 'id')
